kotlin version: 2.0.21
error message: org.jetbrains.kotlin.backend.common.BackendException: Backend Internal error: Exception during IR lowering
File being compiled: /Users/tal/AndroidStudioProjects/SpeakAssist/app/src/main/java/com/example/speakassist/MainActivity.kt
The root cause java.lang.RuntimeException was thrown at: org.jetbrains.kotlin.backend.jvm.codegen.FunctionCodegen.generate(FunctionCodegen.kt:47)
	at org.jetbrains.kotlin.backend.common.CodegenUtil.reportBackendException(CodegenUtil.kt:253)
	at org.jetbrains.kotlin.backend.common.CodegenUtil.reportBackendException$default(CodegenUtil.kt:236)
	at org.jetbrains.kotlin.backend.common.phaser.PerformByIrFilePhase.invokeSequential(performByIrFile.kt:65)
	at org.jetbrains.kotlin.backend.common.phaser.PerformByIrFilePhase.invoke(performByIrFile.kt:52)
	at org.jetbrains.kotlin.backend.common.phaser.PerformByIrFilePhase.invoke(performByIrFile.kt:38)
	at org.jetbrains.kotlin.backend.common.phaser.NamedCompilerPhase.phaseBody(CompilerPhase.kt:166)
	at org.jetbrains.kotlin.backend.common.phaser.AbstractNamedCompilerPhase.invoke(CompilerPhase.kt:113)
	at org.jetbrains.kotlin.backend.common.phaser.CompositePhase.invoke(PhaseBuilders.kt:27)
	at org.jetbrains.kotlin.backend.common.phaser.CompositePhase.invoke(PhaseBuilders.kt:14)
	at org.jetbrains.kotlin.backend.common.phaser.NamedCompilerPhase.phaseBody(CompilerPhase.kt:166)
	at org.jetbrains.kotlin.backend.common.phaser.AbstractNamedCompilerPhase.invoke(CompilerPhase.kt:113)
	at org.jetbrains.kotlin.backend.common.phaser.CompilerPhaseKt.invokeToplevel(CompilerPhase.kt:62)
	at org.jetbrains.kotlin.backend.jvm.JvmIrCodegenFactory.invokeCodegen(JvmIrCodegenFactory.kt:371)
	at org.jetbrains.kotlin.codegen.CodegenFactory.generateModule(CodegenFactory.kt:47)
	at org.jetbrains.kotlin.backend.jvm.JvmIrCodegenFactory.generateModuleInFrontendIRMode(JvmIrCodegenFactory.kt:433)
	at org.jetbrains.kotlin.cli.jvm.compiler.pipeline.JvmCompilerPipelineKt.generateCodeFromIr(jvmCompilerPipeline.kt:246)
	at org.jetbrains.kotlin.cli.jvm.compiler.pipeline.JvmCompilerPipelineKt.compileModulesUsingFrontendIrAndLightTree(jvmCompilerPipeline.kt:142)
	at org.jetbrains.kotlin.cli.jvm.K2JVMCompiler.doExecute(K2JVMCompiler.kt:148)
	at org.jetbrains.kotlin.cli.jvm.K2JVMCompiler.doExecute(K2JVMCompiler.kt:43)
	at org.jetbrains.kotlin.cli.common.CLICompiler.execImpl(CLICompiler.kt:103)
	at org.jetbrains.kotlin.cli.common.CLICompiler.execImpl(CLICompiler.kt:49)
	at org.jetbrains.kotlin.cli.common.CLITool.exec(CLITool.kt:101)
	at org.jetbrains.kotlin.incremental.IncrementalJvmCompilerRunner.runCompiler(IncrementalJvmCompilerRunner.kt:464)
	at org.jetbrains.kotlin.incremental.IncrementalJvmCompilerRunner.runCompiler(IncrementalJvmCompilerRunner.kt:73)
	at org.jetbrains.kotlin.incremental.IncrementalCompilerRunner.doCompile(IncrementalCompilerRunner.kt:506)
	at org.jetbrains.kotlin.incremental.IncrementalCompilerRunner.compileImpl(IncrementalCompilerRunner.kt:423)
	at org.jetbrains.kotlin.incremental.IncrementalCompilerRunner.compileNonIncrementally(IncrementalCompilerRunner.kt:301)
	at org.jetbrains.kotlin.incremental.IncrementalCompilerRunner.compile(IncrementalCompilerRunner.kt:129)
	at org.jetbrains.kotlin.daemon.CompileServiceImplBase.execIncrementalCompiler(CompileServiceImpl.kt:675)
	at org.jetbrains.kotlin.daemon.CompileServiceImplBase.access$execIncrementalCompiler(CompileServiceImpl.kt:92)
	at org.jetbrains.kotlin.daemon.CompileServiceImpl.compile(CompileServiceImpl.kt:1660)
	at java.base/jdk.internal.reflect.DirectMethodHandleAccessor.invoke(Unknown Source)
	at java.base/java.lang.reflect.Method.invoke(Unknown Source)
	at java.rmi/sun.rmi.server.UnicastServerRef.dispatch(Unknown Source)
	at java.rmi/sun.rmi.transport.Transport$1.run(Unknown Source)
	at java.rmi/sun.rmi.transport.Transport$1.run(Unknown Source)
	at java.base/java.security.AccessController.doPrivileged(Unknown Source)
	at java.rmi/sun.rmi.transport.Transport.serviceCall(Unknown Source)
	at java.rmi/sun.rmi.transport.tcp.TCPTransport.handleMessages(Unknown Source)
	at java.rmi/sun.rmi.transport.tcp.TCPTransport$ConnectionHandler.run0(Unknown Source)
	at java.rmi/sun.rmi.transport.tcp.TCPTransport$ConnectionHandler.lambda$run$0(Unknown Source)
	at java.base/java.security.AccessController.doPrivileged(Unknown Source)
	at java.rmi/sun.rmi.transport.tcp.TCPTransport$ConnectionHandler.run(Unknown Source)
	at java.base/java.util.concurrent.ThreadPoolExecutor.runWorker(Unknown Source)
	at java.base/java.util.concurrent.ThreadPoolExecutor$Worker.run(Unknown Source)
	at java.base/java.lang.Thread.run(Unknown Source)
Caused by: java.lang.RuntimeException: Exception while generating code for:
FUN LOCAL_FUNCTION_FOR_LAMBDA name:onCreate$lambda$1 visibility:private modality:FINAL <> (this$0:com.example.speakassist.MainActivity, $etInput:com.google.android.material.textfield.TextInputEditText, it:@[FlexibleNullability] android.view.View?) returnType:kotlin.Unit
  VALUE_PARAMETER BOUND_VALUE_PARAMETER name:this$0 index:0 type:com.example.speakassist.MainActivity
  VALUE_PARAMETER BOUND_VALUE_PARAMETER name:$etInput index:1 type:com.google.android.material.textfield.TextInputEditText
  VALUE_PARAMETER name:it index:2 type:@[FlexibleNullability] android.view.View?
  BLOCK_BODY
    COMPOSITE type=kotlin.Unit origin=null
      CALL 'public final fun launch$default (context: kotlin.coroutines.CoroutineContext?, start: kotlinx.coroutines.CoroutineStart?, block: @[ExtensionFunctionType] kotlin.coroutines.SuspendFunction1<kotlinx.coroutines.CoroutineScope, kotlin.Unit>, $mask0: kotlin.Int, $handler: kotlin.Any?): kotlinx.coroutines.Job declared in kotlinx.coroutines.BuildersKt' type=kotlinx.coroutines.Job origin=DEFAULT_DISPATCH_CALL
        $receiver: CALL 'public final fun <get-lifecycleScope> (): androidx.lifecycle.LifecycleCoroutineScope declared in androidx.lifecycle.LifecycleOwnerKt' type=androidx.lifecycle.LifecycleCoroutineScope origin=GET_PROPERTY
          $receiver: GET_VAR 'this$0: com.example.speakassist.MainActivity declared in com.example.speakassist.MainActivity.onCreate$lambda$1' type=com.example.speakassist.MainActivity origin=null
        context: COMPOSITE type=kotlin.coroutines.CoroutineContext? origin=DEFAULT_VALUE
          CONST Null type=kotlin.coroutines.CoroutineContext? value=null
        start: COMPOSITE type=kotlinx.coroutines.CoroutineStart? origin=DEFAULT_VALUE
          CONST Null type=kotlinx.coroutines.CoroutineStart? value=null
        block: BLOCK type=com.example.speakassist.MainActivity.onCreate$lambda$1.<no name provided> origin=null
          CLASS SUSPEND_LAMBDA CLASS name:<no name provided> modality:FINAL visibility:public/*package*/ superTypes:[kotlin.coroutines.jvm.internal.SuspendLambda; kotlin.jvm.functions.Function2<kotlinx.coroutines.CoroutineScope, kotlin.coroutines.Continuation<kotlin.Unit>?, kotlin.Any?>]
            $this: VALUE_PARAMETER INSTANCE_RECEIVER name:<this> type:com.example.speakassist.MainActivity.onCreate$lambda$1.<no name provided>
            FIELD name:label type:kotlin.Int visibility:public/*package*/
            CONSTRUCTOR SUSPEND_LAMBDA visibility:public/*package*/ <> ($etInput:com.google.android.material.textfield.TextInputEditText, this$0:com.example.speakassist.MainActivity, $completion:kotlin.coroutines.Continuation<com.example.speakassist.MainActivity.onCreate$lambda$1.<no name provided>>?) returnType:com.example.speakassist.MainActivity.onCreate$lambda$1.<no name provided> [primary]
              VALUE_PARAMETER BOUND_VALUE_PARAMETER name:$etInput index:0 type:com.google.android.material.textfield.TextInputEditText
              VALUE_PARAMETER BOUND_RECEIVER_PARAMETER name:this$0 index:1 type:com.example.speakassist.MainActivity
              VALUE_PARAMETER name:$completion index:2 type:kotlin.coroutines.Continuation<com.example.speakassist.MainActivity.onCreate$lambda$1.<no name provided>>?
              BLOCK_BODY
                SET_FIELD 'FIELD FIELD_FOR_CAPTURED_VALUE name:$etInput type:com.google.android.material.textfield.TextInputEditText visibility:public/*package*/ [final] declared in com.example.speakassist.MainActivity.onCreate$lambda$1.<no name provided>' type=kotlin.Unit origin=INITIALIZER_OF_FIELD_FOR_CAPTURED_VALUE
                  receiver: GET_VAR '<this>: com.example.speakassist.MainActivity.onCreate$lambda$1.<no name provided> declared in com.example.speakassist.MainActivity.onCreate$lambda$1.<no name provided>' type=com.example.speakassist.MainActivity.onCreate$lambda$1.<no name provided> origin=null
                  value: GET_VAR '$etInput: com.google.android.material.textfield.TextInputEditText declared in com.example.speakassist.MainActivity.onCreate$lambda$1.<no name provided>.<init>' type=com.google.android.material.textfield.TextInputEditText origin=null
                SET_FIELD 'FIELD FIELD_FOR_CAPTURED_VALUE name:this$0 type:com.example.speakassist.MainActivity visibility:public/*package*/ [final] declared in com.example.speakassist.MainActivity.onCreate$lambda$1.<no name provided>' type=kotlin.Unit origin=INITIALIZER_OF_FIELD_FOR_CAPTURED_VALUE
                  receiver: GET_VAR '<this>: com.example.speakassist.MainActivity.onCreate$lambda$1.<no name provided> declared in com.example.speakassist.MainActivity.onCreate$lambda$1.<no name provided>' type=com.example.speakassist.MainActivity.onCreate$lambda$1.<no name provided> origin=null
                  value: GET_VAR 'this$0: com.example.speakassist.MainActivity declared in com.example.speakassist.MainActivity.onCreate$lambda$1.<no name provided>.<init>' type=com.example.speakassist.MainActivity origin=null
                DELEGATING_CONSTRUCTOR_CALL 'public constructor <init> (arity: kotlin.Int, $completion: kotlin.coroutines.Continuation<kotlin.Any?>?) declared in kotlin.coroutines.jvm.internal.SuspendLambda'
                  arity: CONST Int type=kotlin.Int value=2
                  $completion: GET_VAR '$completion: kotlin.coroutines.Continuation<com.example.speakassist.MainActivity.onCreate$lambda$1.<no name provided>>? declared in com.example.speakassist.MainActivity.onCreate$lambda$1.<no name provided>.<init>' type=kotlin.coroutines.Continuation<com.example.speakassist.MainActivity.onCreate$lambda$1.<no name provided>>? origin=null
                BLOCK type=kotlin.Unit origin=null
            FUN name:invokeSuspend visibility:public modality:FINAL <> ($this:com.example.speakassist.MainActivity.onCreate$lambda$1.<no name provided>, $result:kotlin.Result<kotlin.Any?>) returnType:kotlin.Any?
              overridden:
                protected abstract fun invokeSuspend ($result: kotlin.Result<kotlin.Any?>): kotlin.Any? declared in kotlin.coroutines.jvm.internal.SuspendLambda
              $this: VALUE_PARAMETER INSTANCE_RECEIVER name:<this> type:com.example.speakassist.MainActivity.onCreate$lambda$1.<no name provided>
              VALUE_PARAMETER name:$result index:0 type:kotlin.Result<kotlin.Any?>
              BLOCK_BODY
                TRY type=kotlin.Unit
                  try: BLOCK type=kotlin.Unit origin=null
                    VAR name:inputText type:kotlin.String? [val]
                      BLOCK type=kotlin.String? origin=FOLDED_SAFE_CALL
                        WHEN type=kotlin.String? origin=FOLDED_SAFE_CALL
                          BRANCH
                            if: CALL 'public final fun ANDAND (arg0: kotlin.Boolean, arg1: kotlin.Boolean): kotlin.Boolean declared in kotlin.internal.ir' type=kotlin.Boolean origin=null
                              arg0: COMPOSITE type=kotlin.Boolean origin=null
                                VAR IR_TEMPORARY_VARIABLE name:tmp0_safe_receiver type:@[EnhancedNullability] android.text.Editable? [val]
                                  CALL 'public open fun getText (): @[EnhancedNullability] android.text.Editable? [fake_override] declared in com.google.android.material.textfield.TextInputEditText' type=@[EnhancedNullability] android.text.Editable? origin=GET_PROPERTY
                                    $this: GET_FIELD 'FIELD FIELD_FOR_CAPTURED_VALUE name:$etInput type:com.google.android.material.textfield.TextInputEditText visibility:public/*package*/ [final] declared in com.example.speakassist.MainActivity.onCreate$lambda$1.<no name provided>' type=com.google.android.material.textfield.TextInputEditText origin=null
                                      receiver: GET_VAR '<this>: com.example.speakassist.MainActivity.onCreate$lambda$1.<no name provided> declared in com.example.speakassist.MainActivity.onCreate$lambda$1.<no name provided>.invokeSuspend' type=com.example.speakassist.MainActivity.onCreate$lambda$1.<no name provided> origin=null
                                CALL 'public final fun not (): kotlin.Boolean [operator] declared in kotlin.Boolean' type=kotlin.Boolean origin=null
                                  $this: CALL 'public final fun EQEQ (arg0: kotlin.Any?, arg1: kotlin.Any?): kotlin.Boolean declared in kotlin.internal.ir' type=kotlin.Boolean origin=null
                                    arg0: GET_VAR 'val tmp0_safe_receiver: @[EnhancedNullability] android.text.Editable? [val] declared in com.example.speakassist.MainActivity.onCreate$lambda$1.<no name provided>.invokeSuspend' type=@[EnhancedNullability] android.text.Editable? origin=null
                                    arg1: CONST Null type=kotlin.Nothing? value=null
                              arg1: COMPOSITE type=kotlin.Boolean origin=null
                                VAR IR_TEMPORARY_VARIABLE name:tmp1_safe_receiver type:kotlin.String [val]
                                  CALL 'public open fun toString (): kotlin.String declared in kotlin.Any' type=kotlin.String origin=null
                                    $this: TYPE_OP type=kotlin.Any origin=IMPLICIT_CAST typeOperand=kotlin.Any
                                      GET_VAR 'val tmp0_safe_receiver: @[EnhancedNullability] android.text.Editable? [val] declared in com.example.speakassist.MainActivity.onCreate$lambda$1.<no name provided>.invokeSuspend' type=@[EnhancedNullability] android.text.Editable? origin=null
                                CALL 'public final fun not (): kotlin.Boolean [operator] declared in kotlin.Boolean' type=kotlin.Boolean origin=null
                                  $this: CALL 'public final fun EQEQ (arg0: kotlin.Any?, arg1: kotlin.Any?): kotlin.Boolean declared in kotlin.internal.ir' type=kotlin.Boolean origin=null
                                    arg0: GET_VAR 'val tmp1_safe_receiver: kotlin.String [val] declared in com.example.speakassist.MainActivity.onCreate$lambda$1.<no name provided>.invokeSuspend' type=kotlin.String origin=null
                                    arg1: CONST Null type=kotlin.Nothing? value=null
                            then: CALL 'public final fun trim (): kotlin.String [inline] declared in kotlin.text.StringsKt' type=kotlin.String origin=null
                              $receiver: GET_VAR 'val tmp1_safe_receiver: kotlin.String [val] declared in com.example.speakassist.MainActivity.onCreate$lambda$1.<no name provided>.invokeSuspend' type=kotlin.String? origin=null
                          BRANCH
                            if: CONST Boolean type=kotlin.Boolean value=true
                            then: CONST Null type=kotlin.Nothing? value=null
                    COMPOSITE type=kotlin.Unit origin=null
                      CALL 'public open fun d (p0: @[EnhancedNullability] kotlin.String?, p1: @[EnhancedNullability] kotlin.String): kotlin.Int declared in android.util.Log' type=kotlin.Int origin=null
                        p0: CONST String type=kotlin.String value="MainActivity"
                        p1: STRING_CONCATENATION type=kotlin.String
                          CONST String type=kotlin.String value="开始执行任务："
                          GET_VAR 'val inputText: kotlin.String? [val] declared in com.example.speakassist.MainActivity.onCreate$lambda$1.<no name provided>.invokeSuspend' type=kotlin.String? origin=null
                      COMPOSITE type=kotlin.Unit origin=null
                    VAR name:chatViewModel type:com.example.ui.viewmodel.ChatViewModel [val]
                      TYPE_OP type=com.example.ui.viewmodel.ChatViewModel origin=IMPLICIT_CAST typeOperand=com.example.ui.viewmodel.ChatViewModel
                        CALL 'public final fun viewModel$default <VM> (viewModelStoreOwner: androidx.lifecycle.ViewModelStoreOwner?, key: kotlin.String?, factory: androidx.lifecycle.ViewModelProvider.Factory?, extras: androidx.lifecycle.viewmodel.CreationExtras?, $mask0: kotlin.Int, $handler: kotlin.Any?): VM of androidx.lifecycle.viewmodel.compose.ViewModelKt.viewModel$default [inline] declared in androidx.lifecycle.viewmodel.compose.ViewModelKt' type=VM of androidx.lifecycle.viewmodel.compose.ViewModelKt.viewModel$default origin=DEFAULT_DISPATCH_CALL
                          <VM>: com.example.ui.viewmodel.ChatViewModel
                          viewModelStoreOwner: COMPOSITE type=androidx.lifecycle.ViewModelStoreOwner? origin=DEFAULT_VALUE
                            CONST Null type=androidx.lifecycle.ViewModelStoreOwner? value=null
                          key: COMPOSITE type=kotlin.String? origin=DEFAULT_VALUE
                            CONST Null type=kotlin.String? value=null
                          factory: COMPOSITE type=androidx.lifecycle.ViewModelProvider.Factory? origin=DEFAULT_VALUE
                            CONST Null type=androidx.lifecycle.ViewModelProvider.Factory? value=null
                          extras: COMPOSITE type=androidx.lifecycle.viewmodel.CreationExtras? origin=DEFAULT_VALUE
                            CONST Null type=androidx.lifecycle.viewmodel.CreationExtras? value=null
                          $mask0: CONST Int type=kotlin.Int value=15
                          $handler: CONST Null type=kotlin.Any? value=null
                    CALL 'public final fun delay (timeMillis: kotlin.Long, $completion: kotlin.coroutines.Continuation<kotlin.Unit>): kotlin.Any? [suspend] declared in kotlinx.coroutines.DelayKt' type=kotlin.Unit origin=null
                      timeMillis: CONST Long type=kotlin.Long value=1000
                      $completion: GET_VAR '<this>: com.example.speakassist.MainActivity.onCreate$lambda$1.<no name provided> declared in com.example.speakassist.MainActivity.onCreate$lambda$1.<no name provided>.invokeSuspend' type=com.example.speakassist.MainActivity.onCreate$lambda$1.<no name provided> origin=null
                    CALL 'public final fun executeTaskLoop (userPrompt: kotlin.String, modelName: kotlin.String, $completion: kotlin.coroutines.Continuation<kotlin.Unit>): kotlin.Any? [suspend] declared in com.example.ui.viewmodel.ChatViewModel' type=kotlin.Unit origin=null
                      $this: GET_VAR 'val chatViewModel: com.example.ui.viewmodel.ChatViewModel [val] declared in com.example.speakassist.MainActivity.onCreate$lambda$1.<no name provided>.invokeSuspend' type=com.example.ui.viewmodel.ChatViewModel origin=null
                      userPrompt: CALL 'public final fun valueOf (value: kotlin.Any?): kotlin.String declared in java.lang.String' type=kotlin.String origin=null
                        value: GET_VAR 'val inputText: kotlin.String? [val] declared in com.example.speakassist.MainActivity.onCreate$lambda$1.<no name provided>.invokeSuspend' type=kotlin.String? origin=null
                      modelName: CONST String type=kotlin.String value="autoglm-phone"
                      $completion: GET_VAR '<this>: com.example.speakassist.MainActivity.onCreate$lambda$1.<no name provided> declared in com.example.speakassist.MainActivity.onCreate$lambda$1.<no name provided>.invokeSuspend' type=com.example.speakassist.MainActivity.onCreate$lambda$1.<no name provided> origin=null
                  CATCH parameter=val e: java.lang.Exception [val] declared in com.example.speakassist.MainActivity.onCreate$lambda$1.<no name provided>.invokeSuspend
                    VAR CATCH_PARAMETER name:e type:java.lang.Exception [val]
                    BLOCK type=kotlin.Unit origin=null
                      COMPOSITE type=kotlin.Unit origin=null
                        CALL 'public open fun e (p0: @[EnhancedNullability] kotlin.String?, p1: @[EnhancedNullability] kotlin.String?, p2: @[EnhancedNullability] kotlin.Throwable?): kotlin.Int declared in android.util.Log' type=kotlin.Int origin=null
                          p0: CONST String type=kotlin.String value="MainActivity"
                          p1: CONST String type=kotlin.String value="执行任务失败"
                          p2: GET_VAR 'val e: java.lang.Exception [val] declared in com.example.speakassist.MainActivity.onCreate$lambda$1.<no name provided>.invokeSuspend' type=java.lang.Exception origin=null
                        COMPOSITE type=kotlin.Unit origin=null
                      WHEN type=kotlin.Unit origin=IF
                        BRANCH
                          if: BLOCK type=kotlin.Boolean origin=null
                            WHEN type=kotlin.Boolean origin=FOLDED_SAFE_CALL
                              BRANCH
                                if: COMPOSITE type=kotlin.Boolean origin=null
                                  VAR IR_TEMPORARY_VARIABLE name:tmp2_safe_receiver type:kotlin.String? [val]
                                    CALL 'public open fun <get-message> (): kotlin.String? [fake_override] declared in java.lang.Exception' type=kotlin.String? origin=GET_PROPERTY
                                      $this: GET_VAR 'val e: java.lang.Exception [val] declared in com.example.speakassist.MainActivity.onCreate$lambda$1.<no name provided>.invokeSuspend' type=java.lang.Exception origin=null
                                  CALL 'public final fun not (): kotlin.Boolean [operator] declared in kotlin.Boolean' type=kotlin.Boolean origin=null
                                    $this: CALL 'public final fun EQEQ (arg0: kotlin.Any?, arg1: kotlin.Any?): kotlin.Boolean declared in kotlin.internal.ir' type=kotlin.Boolean origin=null
                                      arg0: GET_VAR 'val tmp2_safe_receiver: kotlin.String? [val] declared in com.example.speakassist.MainActivity.onCreate$lambda$1.<no name provided>.invokeSuspend' type=kotlin.String? origin=null
                                      arg1: CONST Null type=kotlin.Nothing? value=null
                                then: CALL 'public final fun EQEQ (arg0: kotlin.Any?, arg1: kotlin.Any?): kotlin.Boolean declared in kotlin.internal.ir' type=kotlin.Boolean origin=EQEQ
                                  arg0: CALL 'public final fun contains$default (other: kotlin.CharSequence, ignoreCase: kotlin.Boolean, $mask0: kotlin.Int, $handler: kotlin.Any?): kotlin.Boolean [operator] declared in kotlin.text.StringsKt' type=kotlin.Boolean origin=DEFAULT_DISPATCH_CALL
                                    $receiver: GET_VAR 'val tmp2_safe_receiver: kotlin.String? [val] declared in com.example.speakassist.MainActivity.onCreate$lambda$1.<no name provided>.invokeSuspend' type=kotlin.String? origin=null
                                    other: CONST String type=kotlin.String value="无障碍服务"
                                    ignoreCase: COMPOSITE type=kotlin.Boolean origin=DEFAULT_VALUE
                                      CONST Boolean type=kotlin.Boolean value=false
                                    $mask0: CONST Int type=kotlin.Int value=2
                                    $handler: CONST Null type=kotlin.Any? value=null
                                  arg1: CONST Boolean type=kotlin.Boolean value=true
                              BRANCH
                                if: CONST Boolean type=kotlin.Boolean value=true
                                then: CONST Boolean type=kotlin.Boolean value=false
                          then: BLOCK type=kotlin.Unit origin=null
                            CALL 'public final fun access$openAccessibilitySettings ($this: com.example.speakassist.MainActivity): kotlin.Unit declared in com.example.speakassist.MainActivity' type=kotlin.Unit origin=null
                              $this: GET_FIELD 'FIELD FIELD_FOR_CAPTURED_VALUE name:this$0 type:com.example.speakassist.MainActivity visibility:public/*package*/ [final] declared in com.example.speakassist.MainActivity.onCreate$lambda$1.<no name provided>' type=com.example.speakassist.MainActivity origin=null
                                receiver: GET_VAR '<this>: com.example.speakassist.MainActivity.onCreate$lambda$1.<no name provided> declared in com.example.speakassist.MainActivity.onCreate$lambda$1.<no name provided>.invokeSuspend' type=com.example.speakassist.MainActivity.onCreate$lambda$1.<no name provided> origin=null
            FUN name:create visibility:public modality:FINAL <> ($this:com.example.speakassist.MainActivity.onCreate$lambda$1.<no name provided>, value:kotlin.Any?, $completion:kotlin.coroutines.Continuation<kotlin.Nothing>) returnType:kotlin.coroutines.Continuation<kotlin.Unit>
              overridden:
                public open fun create (value: kotlin.Any?, $completion: kotlin.coroutines.Continuation<kotlin.Nothing>): kotlin.coroutines.Continuation<kotlin.Unit> declared in kotlin.coroutines.jvm.internal.SuspendLambda
              $this: VALUE_PARAMETER INSTANCE_RECEIVER name:<this> type:com.example.speakassist.MainActivity.onCreate$lambda$1.<no name provided>
              VALUE_PARAMETER name:value index:0 type:kotlin.Any?
              VALUE_PARAMETER name:$completion index:1 type:kotlin.coroutines.Continuation<kotlin.Nothing>
              BLOCK_BODY
                RETURN type=kotlin.Nothing from='public final fun create (value: kotlin.Any?, $completion: kotlin.coroutines.Continuation<kotlin.Nothing>): kotlin.coroutines.Continuation<kotlin.Unit> declared in com.example.speakassist.MainActivity.onCreate$lambda$1.<no name provided>'
                  CONSTRUCTOR_CALL 'public/*package*/ constructor <init> ($etInput: com.google.android.material.textfield.TextInputEditText, this$0: com.example.speakassist.MainActivity, $completion: kotlin.coroutines.Continuation<com.example.speakassist.MainActivity.onCreate$lambda$1.<no name provided>>?) [primary] declared in com.example.speakassist.MainActivity.onCreate$lambda$1.<no name provided>' type=com.example.speakassist.MainActivity.onCreate$lambda$1.<no name provided> origin=null
                    $etInput: GET_FIELD 'FIELD FIELD_FOR_CAPTURED_VALUE name:$etInput type:com.google.android.material.textfield.TextInputEditText visibility:public/*package*/ [final] declared in com.example.speakassist.MainActivity.onCreate$lambda$1.<no name provided>' type=com.google.android.material.textfield.TextInputEditText origin=null
                      receiver: GET_VAR '<this>: com.example.speakassist.MainActivity.onCreate$lambda$1.<no name provided> declared in com.example.speakassist.MainActivity.onCreate$lambda$1.<no name provided>.create' type=com.example.speakassist.MainActivity.onCreate$lambda$1.<no name provided> origin=null
                    this$0: GET_FIELD 'FIELD FIELD_FOR_CAPTURED_VALUE name:this$0 type:com.example.speakassist.MainActivity visibility:public/*package*/ [final] declared in com.example.speakassist.MainActivity.onCreate$lambda$1.<no name provided>' type=com.example.speakassist.MainActivity origin=null
                      receiver: GET_VAR '<this>: com.example.speakassist.MainActivity.onCreate$lambda$1.<no name provided> declared in com.example.speakassist.MainActivity.onCreate$lambda$1.<no name provided>.create' type=com.example.speakassist.MainActivity.onCreate$lambda$1.<no name provided> origin=null
                    $completion: GET_VAR '$completion: kotlin.coroutines.Continuation<kotlin.Nothing> declared in com.example.speakassist.MainActivity.onCreate$lambda$1.<no name provided>.create' type=kotlin.coroutines.Continuation<kotlin.Nothing> origin=null
            FUN name:invoke visibility:public modality:FINAL <> ($this:com.example.speakassist.MainActivity.onCreate$lambda$1.<no name provided>, p1:kotlinx.coroutines.CoroutineScope, p2:kotlin.coroutines.Continuation<kotlin.Unit>?) returnType:kotlin.Any?
              overridden:
                public abstract fun invoke (p1: P1 of kotlin.jvm.functions.Function2, p2: P2 of kotlin.jvm.functions.Function2): R of kotlin.jvm.functions.Function2 declared in kotlin.jvm.functions.Function2
              $this: VALUE_PARAMETER INSTANCE_RECEIVER name:<this> type:com.example.speakassist.MainActivity.onCreate$lambda$1.<no name provided>
              VALUE_PARAMETER name:p1 index:0 type:kotlinx.coroutines.CoroutineScope
              VALUE_PARAMETER name:p2 index:1 type:kotlin.coroutines.Continuation<kotlin.Unit>?
              BLOCK_BODY
                RETURN type=kotlin.Nothing from='public final fun invoke (p1: kotlinx.coroutines.CoroutineScope, p2: kotlin.coroutines.Continuation<kotlin.Unit>?): kotlin.Any? declared in com.example.speakassist.MainActivity.onCreate$lambda$1.<no name provided>'
                  CALL 'public final fun invokeSuspend ($result: kotlin.Result<kotlin.Any?>): kotlin.Any? declared in com.example.speakassist.MainActivity.onCreate$lambda$1.<no name provided>' type=kotlin.Any? origin=null
                    $this: TYPE_OP type=com.example.speakassist.MainActivity.onCreate$lambda$1.<no name provided> origin=IMPLICIT_CAST typeOperand=com.example.speakassist.MainActivity.onCreate$lambda$1.<no name provided>
                      CALL 'public final fun create (value: kotlin.Any?, $completion: kotlin.coroutines.Continuation<kotlin.Nothing>): kotlin.coroutines.Continuation<kotlin.Unit> declared in com.example.speakassist.MainActivity.onCreate$lambda$1.<no name provided>' type=kotlin.coroutines.Continuation<kotlin.Unit> origin=null
                        $this: GET_VAR '<this>: com.example.speakassist.MainActivity.onCreate$lambda$1.<no name provided> declared in com.example.speakassist.MainActivity.onCreate$lambda$1.<no name provided>.invoke' type=com.example.speakassist.MainActivity.onCreate$lambda$1.<no name provided> origin=null
                        value: GET_VAR 'p1: kotlinx.coroutines.CoroutineScope declared in com.example.speakassist.MainActivity.onCreate$lambda$1.<no name provided>.invoke' type=kotlinx.coroutines.CoroutineScope origin=null
                        $completion: GET_VAR 'p2: kotlin.coroutines.Continuation<kotlin.Unit>? declared in com.example.speakassist.MainActivity.onCreate$lambda$1.<no name provided>.invoke' type=kotlin.coroutines.Continuation<kotlin.Unit>? origin=null
                    $result: CALL 'public final fun <unsafe-coerce> <T, R> (v: T of kotlin.jvm.internal.<unsafe-coerce>): R of kotlin.jvm.internal.<unsafe-coerce> declared in kotlin.jvm.internal' type=kotlin.Result<kotlin.Any?> origin=null
                      <T>: kotlin.Any?
                      <R>: kotlin.Result<kotlin.Any?>
                      v: GET_FIELD 'FIELD FIELD_FOR_OBJECT_INSTANCE name:INSTANCE type:kotlin.Unit visibility:public [final,static] declared in kotlin.Unit' type=kotlin.Unit origin=null
            FIELD FIELD_FOR_CAPTURED_VALUE name:$etInput type:com.google.android.material.textfield.TextInputEditText visibility:public/*package*/ [final]
            FIELD FIELD_FOR_CAPTURED_VALUE name:this$0 type:com.example.speakassist.MainActivity visibility:public/*package*/ [final]
            FUN BRIDGE name:invoke visibility:public modality:OPEN <> ($this:com.example.speakassist.MainActivity.onCreate$lambda$1.<no name provided>, p1:kotlin.Any?, p2:kotlin.Any?) returnType:kotlin.Any?
              $this: VALUE_PARAMETER INSTANCE_RECEIVER name:<this> type:com.example.speakassist.MainActivity.onCreate$lambda$1.<no name provided>
              VALUE_PARAMETER BRIDGE name:p1 index:0 type:kotlin.Any?
              VALUE_PARAMETER BRIDGE name:p2 index:1 type:kotlin.Any?
              EXPRESSION_BODY
                RETURN type=kotlin.Nothing from='public open fun invoke (p1: kotlin.Any?, p2: kotlin.Any?): kotlin.Any? declared in com.example.speakassist.MainActivity.onCreate$lambda$1.<no name provided>'
                  CALL 'public final fun invoke (p1: kotlinx.coroutines.CoroutineScope, p2: kotlin.coroutines.Continuation<kotlin.Unit>?): kotlin.Any? declared in com.example.speakassist.MainActivity.onCreate$lambda$1.<no name provided>' type=kotlin.Any? origin=BRIDGE_DELEGATION
                    $this: GET_VAR '<this>: com.example.speakassist.MainActivity.onCreate$lambda$1.<no name provided> declared in com.example.speakassist.MainActivity.onCreate$lambda$1.<no name provided>.invoke' type=com.example.speakassist.MainActivity.onCreate$lambda$1.<no name provided> origin=null
                    p1: TYPE_OP type=kotlinx.coroutines.CoroutineScope origin=IMPLICIT_CAST typeOperand=kotlinx.coroutines.CoroutineScope
                      GET_VAR 'p1: kotlin.Any? declared in com.example.speakassist.MainActivity.onCreate$lambda$1.<no name provided>.invoke' type=kotlin.Any? origin=null
                    p2: TYPE_OP type=kotlin.coroutines.Continuation<*> origin=IMPLICIT_CAST typeOperand=kotlin.coroutines.Continuation<*>
                      GET_VAR 'p2: kotlin.Any? declared in com.example.speakassist.MainActivity.onCreate$lambda$1.<no name provided>.invoke' type=kotlin.Any? origin=null
          CONSTRUCTOR_CALL 'public/*package*/ constructor <init> ($etInput: com.google.android.material.textfield.TextInputEditText, this$0: com.example.speakassist.MainActivity, $completion: kotlin.coroutines.Continuation<com.example.speakassist.MainActivity.onCreate$lambda$1.<no name provided>>?) [primary] declared in com.example.speakassist.MainActivity.onCreate$lambda$1.<no name provided>' type=com.example.speakassist.MainActivity.onCreate$lambda$1.<no name provided> origin=null
            $etInput: GET_VAR '$etInput: com.google.android.material.textfield.TextInputEditText declared in com.example.speakassist.MainActivity.onCreate$lambda$1' type=com.google.android.material.textfield.TextInputEditText origin=null
            this$0: GET_VAR 'this$0: com.example.speakassist.MainActivity declared in com.example.speakassist.MainActivity.onCreate$lambda$1' type=com.example.speakassist.MainActivity origin=null
            $completion: CONST Null type=kotlin.Nothing? value=null
        $mask0: CONST Int type=kotlin.Int value=3
        $handler: CONST Null type=kotlin.Any? value=null
      COMPOSITE type=kotlin.Unit origin=null

	at org.jetbrains.kotlin.backend.jvm.codegen.FunctionCodegen.generate(FunctionCodegen.kt:47)
	at org.jetbrains.kotlin.backend.jvm.codegen.FunctionCodegen.generate$default(FunctionCodegen.kt:40)
	at org.jetbrains.kotlin.backend.jvm.codegen.ClassCodegen.generateMethodNode(ClassCodegen.kt:406)
	at org.jetbrains.kotlin.backend.jvm.codegen.ClassCodegen.generateMethod(ClassCodegen.kt:423)
	at org.jetbrains.kotlin.backend.jvm.codegen.ClassCodegen.generate(ClassCodegen.kt:168)
	at org.jetbrains.kotlin.backend.jvm.FileCodegen.lower(JvmPhases.kt:39)
	at org.jetbrains.kotlin.backend.common.phaser.PhaseFactoriesKt.createFilePhase$lambda$4(PhaseFactories.kt:71)
	at org.jetbrains.kotlin.backend.common.phaser.PhaseBuildersKt$createSimpleNamedCompilerPhase$1.phaseBody(PhaseBuilders.kt:69)
	at org.jetbrains.kotlin.backend.common.phaser.SimpleNamedCompilerPhase.phaseBody(CompilerPhase.kt:226)
	at org.jetbrains.kotlin.backend.common.phaser.AbstractNamedCompilerPhase.invoke(CompilerPhase.kt:113)
	at org.jetbrains.kotlin.backend.common.phaser.PerformByIrFilePhase.invokeSequential(performByIrFile.kt:62)
	... 43 more
Caused by: java.lang.RuntimeException: Exception while generating code for:
FUN name:invokeSuspend visibility:public modality:FINAL <> ($this:com.example.speakassist.MainActivity.onCreate$lambda$1.<no name provided>, $result:kotlin.Result<kotlin.Any?>) returnType:kotlin.Any?
  overridden:
    protected abstract fun invokeSuspend ($result: kotlin.Result<kotlin.Any?>): kotlin.Any? declared in kotlin.coroutines.jvm.internal.SuspendLambda
  $this: VALUE_PARAMETER INSTANCE_RECEIVER name:<this> type:com.example.speakassist.MainActivity.onCreate$lambda$1.<no name provided>
  VALUE_PARAMETER name:$result index:0 type:kotlin.Result<kotlin.Any?>
  BLOCK_BODY
    TRY type=kotlin.Unit
      try: BLOCK type=kotlin.Unit origin=null
        VAR name:inputText type:kotlin.String? [val]
          BLOCK type=kotlin.String? origin=FOLDED_SAFE_CALL
            WHEN type=kotlin.String? origin=FOLDED_SAFE_CALL
              BRANCH
                if: CALL 'public final fun ANDAND (arg0: kotlin.Boolean, arg1: kotlin.Boolean): kotlin.Boolean declared in kotlin.internal.ir' type=kotlin.Boolean origin=null
                  arg0: COMPOSITE type=kotlin.Boolean origin=null
                    VAR IR_TEMPORARY_VARIABLE name:tmp0_safe_receiver type:@[EnhancedNullability] android.text.Editable? [val]
                      CALL 'public open fun getText (): @[EnhancedNullability] android.text.Editable? [fake_override] declared in com.google.android.material.textfield.TextInputEditText' type=@[EnhancedNullability] android.text.Editable? origin=GET_PROPERTY
                        $this: GET_FIELD 'FIELD FIELD_FOR_CAPTURED_VALUE name:$etInput type:com.google.android.material.textfield.TextInputEditText visibility:public/*package*/ [final] declared in com.example.speakassist.MainActivity.onCreate$lambda$1.<no name provided>' type=com.google.android.material.textfield.TextInputEditText origin=null
                          receiver: GET_VAR '<this>: com.example.speakassist.MainActivity.onCreate$lambda$1.<no name provided> declared in com.example.speakassist.MainActivity.onCreate$lambda$1.<no name provided>.invokeSuspend' type=com.example.speakassist.MainActivity.onCreate$lambda$1.<no name provided> origin=null
                    CALL 'public final fun not (): kotlin.Boolean [operator] declared in kotlin.Boolean' type=kotlin.Boolean origin=null
                      $this: CALL 'public final fun EQEQ (arg0: kotlin.Any?, arg1: kotlin.Any?): kotlin.Boolean declared in kotlin.internal.ir' type=kotlin.Boolean origin=null
                        arg0: GET_VAR 'val tmp0_safe_receiver: @[EnhancedNullability] android.text.Editable? [val] declared in com.example.speakassist.MainActivity.onCreate$lambda$1.<no name provided>.invokeSuspend' type=@[EnhancedNullability] android.text.Editable? origin=null
                        arg1: CONST Null type=kotlin.Nothing? value=null
                  arg1: COMPOSITE type=kotlin.Boolean origin=null
                    VAR IR_TEMPORARY_VARIABLE name:tmp1_safe_receiver type:kotlin.String [val]
                      CALL 'public open fun toString (): kotlin.String declared in kotlin.Any' type=kotlin.String origin=null
                        $this: TYPE_OP type=kotlin.Any origin=IMPLICIT_CAST typeOperand=kotlin.Any
                          GET_VAR 'val tmp0_safe_receiver: @[EnhancedNullability] android.text.Editable? [val] declared in com.example.speakassist.MainActivity.onCreate$lambda$1.<no name provided>.invokeSuspend' type=@[EnhancedNullability] android.text.Editable? origin=null
                    CALL 'public final fun not (): kotlin.Boolean [operator] declared in kotlin.Boolean' type=kotlin.Boolean origin=null
                      $this: CALL 'public final fun EQEQ (arg0: kotlin.Any?, arg1: kotlin.Any?): kotlin.Boolean declared in kotlin.internal.ir' type=kotlin.Boolean origin=null
                        arg0: GET_VAR 'val tmp1_safe_receiver: kotlin.String [val] declared in com.example.speakassist.MainActivity.onCreate$lambda$1.<no name provided>.invokeSuspend' type=kotlin.String origin=null
                        arg1: CONST Null type=kotlin.Nothing? value=null
                then: CALL 'public final fun trim (): kotlin.String [inline] declared in kotlin.text.StringsKt' type=kotlin.String origin=null
                  $receiver: GET_VAR 'val tmp1_safe_receiver: kotlin.String [val] declared in com.example.speakassist.MainActivity.onCreate$lambda$1.<no name provided>.invokeSuspend' type=kotlin.String? origin=null
              BRANCH
                if: CONST Boolean type=kotlin.Boolean value=true
                then: CONST Null type=kotlin.Nothing? value=null
        COMPOSITE type=kotlin.Unit origin=null
          CALL 'public open fun d (p0: @[EnhancedNullability] kotlin.String?, p1: @[EnhancedNullability] kotlin.String): kotlin.Int declared in android.util.Log' type=kotlin.Int origin=null
            p0: CONST String type=kotlin.String value="MainActivity"
            p1: STRING_CONCATENATION type=kotlin.String
              CONST String type=kotlin.String value="开始执行任务："
              GET_VAR 'val inputText: kotlin.String? [val] declared in com.example.speakassist.MainActivity.onCreate$lambda$1.<no name provided>.invokeSuspend' type=kotlin.String? origin=null
          COMPOSITE type=kotlin.Unit origin=null
        VAR name:chatViewModel type:com.example.ui.viewmodel.ChatViewModel [val]
          TYPE_OP type=com.example.ui.viewmodel.ChatViewModel origin=IMPLICIT_CAST typeOperand=com.example.ui.viewmodel.ChatViewModel
            CALL 'public final fun viewModel$default <VM> (viewModelStoreOwner: androidx.lifecycle.ViewModelStoreOwner?, key: kotlin.String?, factory: androidx.lifecycle.ViewModelProvider.Factory?, extras: androidx.lifecycle.viewmodel.CreationExtras?, $mask0: kotlin.Int, $handler: kotlin.Any?): VM of androidx.lifecycle.viewmodel.compose.ViewModelKt.viewModel$default [inline] declared in androidx.lifecycle.viewmodel.compose.ViewModelKt' type=VM of androidx.lifecycle.viewmodel.compose.ViewModelKt.viewModel$default origin=DEFAULT_DISPATCH_CALL
              <VM>: com.example.ui.viewmodel.ChatViewModel
              viewModelStoreOwner: COMPOSITE type=androidx.lifecycle.ViewModelStoreOwner? origin=DEFAULT_VALUE
                CONST Null type=androidx.lifecycle.ViewModelStoreOwner? value=null
              key: COMPOSITE type=kotlin.String? origin=DEFAULT_VALUE
                CONST Null type=kotlin.String? value=null
              factory: COMPOSITE type=androidx.lifecycle.ViewModelProvider.Factory? origin=DEFAULT_VALUE
                CONST Null type=androidx.lifecycle.ViewModelProvider.Factory? value=null
              extras: COMPOSITE type=androidx.lifecycle.viewmodel.CreationExtras? origin=DEFAULT_VALUE
                CONST Null type=androidx.lifecycle.viewmodel.CreationExtras? value=null
              $mask0: CONST Int type=kotlin.Int value=15
              $handler: CONST Null type=kotlin.Any? value=null
        CALL 'public final fun delay (timeMillis: kotlin.Long, $completion: kotlin.coroutines.Continuation<kotlin.Unit>): kotlin.Any? [suspend] declared in kotlinx.coroutines.DelayKt' type=kotlin.Unit origin=null
          timeMillis: CONST Long type=kotlin.Long value=1000
          $completion: GET_VAR '<this>: com.example.speakassist.MainActivity.onCreate$lambda$1.<no name provided> declared in com.example.speakassist.MainActivity.onCreate$lambda$1.<no name provided>.invokeSuspend' type=com.example.speakassist.MainActivity.onCreate$lambda$1.<no name provided> origin=null
        CALL 'public final fun executeTaskLoop (userPrompt: kotlin.String, modelName: kotlin.String, $completion: kotlin.coroutines.Continuation<kotlin.Unit>): kotlin.Any? [suspend] declared in com.example.ui.viewmodel.ChatViewModel' type=kotlin.Unit origin=null
          $this: GET_VAR 'val chatViewModel: com.example.ui.viewmodel.ChatViewModel [val] declared in com.example.speakassist.MainActivity.onCreate$lambda$1.<no name provided>.invokeSuspend' type=com.example.ui.viewmodel.ChatViewModel origin=null
          userPrompt: CALL 'public final fun valueOf (value: kotlin.Any?): kotlin.String declared in java.lang.String' type=kotlin.String origin=null
            value: GET_VAR 'val inputText: kotlin.String? [val] declared in com.example.speakassist.MainActivity.onCreate$lambda$1.<no name provided>.invokeSuspend' type=kotlin.String? origin=null
          modelName: CONST String type=kotlin.String value="autoglm-phone"
          $completion: GET_VAR '<this>: com.example.speakassist.MainActivity.onCreate$lambda$1.<no name provided> declared in com.example.speakassist.MainActivity.onCreate$lambda$1.<no name provided>.invokeSuspend' type=com.example.speakassist.MainActivity.onCreate$lambda$1.<no name provided> origin=null
      CATCH parameter=val e: java.lang.Exception [val] declared in com.example.speakassist.MainActivity.onCreate$lambda$1.<no name provided>.invokeSuspend
        VAR CATCH_PARAMETER name:e type:java.lang.Exception [val]
        BLOCK type=kotlin.Unit origin=null
          COMPOSITE type=kotlin.Unit origin=null
            CALL 'public open fun e (p0: @[EnhancedNullability] kotlin.String?, p1: @[EnhancedNullability] kotlin.String?, p2: @[EnhancedNullability] kotlin.Throwable?): kotlin.Int declared in android.util.Log' type=kotlin.Int origin=null
              p0: CONST String type=kotlin.String value="MainActivity"
              p1: CONST String type=kotlin.String value="执行任务失败"
              p2: GET_VAR 'val e: java.lang.Exception [val] declared in com.example.speakassist.MainActivity.onCreate$lambda$1.<no name provided>.invokeSuspend' type=java.lang.Exception origin=null
            COMPOSITE type=kotlin.Unit origin=null
          WHEN type=kotlin.Unit origin=IF
            BRANCH
              if: BLOCK type=kotlin.Boolean origin=null
                WHEN type=kotlin.Boolean origin=FOLDED_SAFE_CALL
                  BRANCH
                    if: COMPOSITE type=kotlin.Boolean origin=null
                      VAR IR_TEMPORARY_VARIABLE name:tmp2_safe_receiver type:kotlin.String? [val]
                        CALL 'public open fun <get-message> (): kotlin.String? [fake_override] declared in java.lang.Exception' type=kotlin.String? origin=GET_PROPERTY
                          $this: GET_VAR 'val e: java.lang.Exception [val] declared in com.example.speakassist.MainActivity.onCreate$lambda$1.<no name provided>.invokeSuspend' type=java.lang.Exception origin=null
                      CALL 'public final fun not (): kotlin.Boolean [operator] declared in kotlin.Boolean' type=kotlin.Boolean origin=null
                        $this: CALL 'public final fun EQEQ (arg0: kotlin.Any?, arg1: kotlin.Any?): kotlin.Boolean declared in kotlin.internal.ir' type=kotlin.Boolean origin=null
                          arg0: GET_VAR 'val tmp2_safe_receiver: kotlin.String? [val] declared in com.example.speakassist.MainActivity.onCreate$lambda$1.<no name provided>.invokeSuspend' type=kotlin.String? origin=null
                          arg1: CONST Null type=kotlin.Nothing? value=null
                    then: CALL 'public final fun EQEQ (arg0: kotlin.Any?, arg1: kotlin.Any?): kotlin.Boolean declared in kotlin.internal.ir' type=kotlin.Boolean origin=EQEQ
                      arg0: CALL 'public final fun contains$default (other: kotlin.CharSequence, ignoreCase: kotlin.Boolean, $mask0: kotlin.Int, $handler: kotlin.Any?): kotlin.Boolean [operator] declared in kotlin.text.StringsKt' type=kotlin.Boolean origin=DEFAULT_DISPATCH_CALL
                        $receiver: GET_VAR 'val tmp2_safe_receiver: kotlin.String? [val] declared in com.example.speakassist.MainActivity.onCreate$lambda$1.<no name provided>.invokeSuspend' type=kotlin.String? origin=null
                        other: CONST String type=kotlin.String value="无障碍服务"
                        ignoreCase: COMPOSITE type=kotlin.Boolean origin=DEFAULT_VALUE
                          CONST Boolean type=kotlin.Boolean value=false
                        $mask0: CONST Int type=kotlin.Int value=2
                        $handler: CONST Null type=kotlin.Any? value=null
                      arg1: CONST Boolean type=kotlin.Boolean value=true
                  BRANCH
                    if: CONST Boolean type=kotlin.Boolean value=true
                    then: CONST Boolean type=kotlin.Boolean value=false
              then: BLOCK type=kotlin.Unit origin=null
                CALL 'public final fun access$openAccessibilitySettings ($this: com.example.speakassist.MainActivity): kotlin.Unit declared in com.example.speakassist.MainActivity' type=kotlin.Unit origin=null
                  $this: GET_FIELD 'FIELD FIELD_FOR_CAPTURED_VALUE name:this$0 type:com.example.speakassist.MainActivity visibility:public/*package*/ [final] declared in com.example.speakassist.MainActivity.onCreate$lambda$1.<no name provided>' type=com.example.speakassist.MainActivity origin=null
                    receiver: GET_VAR '<this>: com.example.speakassist.MainActivity.onCreate$lambda$1.<no name provided> declared in com.example.speakassist.MainActivity.onCreate$lambda$1.<no name provided>.invokeSuspend' type=com.example.speakassist.MainActivity.onCreate$lambda$1.<no name provided> origin=null

	at org.jetbrains.kotlin.backend.jvm.codegen.FunctionCodegen.generate(FunctionCodegen.kt:47)
	at org.jetbrains.kotlin.backend.jvm.codegen.FunctionCodegen.generate$default(FunctionCodegen.kt:40)
	at org.jetbrains.kotlin.backend.jvm.codegen.ClassCodegen.generateMethodNode(ClassCodegen.kt:406)
	at org.jetbrains.kotlin.backend.jvm.codegen.ClassCodegen.generateMethod(ClassCodegen.kt:423)
	at org.jetbrains.kotlin.backend.jvm.codegen.ClassCodegen.generate(ClassCodegen.kt:168)
	at org.jetbrains.kotlin.backend.jvm.codegen.ExpressionCodegen.visitClass(ExpressionCodegen.kt:1000)
	at org.jetbrains.kotlin.backend.jvm.codegen.ExpressionCodegen.visitClass(ExpressionCodegen.kt:138)
	at org.jetbrains.kotlin.ir.declarations.IrClass.accept(IrClass.kt:72)
	at org.jetbrains.kotlin.backend.jvm.codegen.ExpressionCodegen.visitStatementContainer(ExpressionCodegen.kt:579)
	at org.jetbrains.kotlin.backend.jvm.codegen.ExpressionCodegen.visitContainerExpression(ExpressionCodegen.kt:593)
	at org.jetbrains.kotlin.backend.jvm.codegen.ExpressionCodegen.visitContainerExpression(ExpressionCodegen.kt:138)
	at org.jetbrains.kotlin.ir.visitors.IrElementVisitor$DefaultImpls.visitBlock(IrElementVisitor.kt:122)
	at org.jetbrains.kotlin.backend.jvm.codegen.ExpressionCodegen.visitBlock(ExpressionCodegen.kt:413)
	at org.jetbrains.kotlin.backend.jvm.codegen.ExpressionCodegen.visitBlock(ExpressionCodegen.kt:138)
	at org.jetbrains.kotlin.ir.expressions.IrBlock.accept(IrBlock.kt:18)
	at org.jetbrains.kotlin.backend.jvm.codegen.ExpressionCodegen.gen(ExpressionCodegen.kt:217)
	at org.jetbrains.kotlin.backend.jvm.codegen.IrCallGenerator.genValueAndPut(IrCallGenerator.kt:48)
	at org.jetbrains.kotlin.backend.jvm.codegen.ExpressionCodegen.visitCall$handleParameter(ExpressionCodegen.kt:616)
	at org.jetbrains.kotlin.backend.jvm.codegen.ExpressionCodegen.visitCall(ExpressionCodegen.kt:644)
	at org.jetbrains.kotlin.backend.jvm.codegen.ExpressionCodegen.visitCall(ExpressionCodegen.kt:138)
	at org.jetbrains.kotlin.ir.expressions.IrCall.accept(IrCall.kt:24)
	at org.jetbrains.kotlin.backend.jvm.codegen.ExpressionCodegen.visitStatementContainer(ExpressionCodegen.kt:579)
	at org.jetbrains.kotlin.backend.jvm.codegen.ExpressionCodegen.visitContainerExpression(ExpressionCodegen.kt:593)
	at org.jetbrains.kotlin.backend.jvm.codegen.ExpressionCodegen.visitContainerExpression(ExpressionCodegen.kt:138)
	at org.jetbrains.kotlin.ir.visitors.IrElementVisitor$DefaultImpls.visitComposite(IrElementVisitor.kt:125)
	at org.jetbrains.kotlin.backend.jvm.codegen.ExpressionCodegen.visitComposite(ExpressionCodegen.kt:138)
	at org.jetbrains.kotlin.backend.jvm.codegen.ExpressionCodegen.visitComposite(ExpressionCodegen.kt:138)
	at org.jetbrains.kotlin.ir.expressions.IrComposite.accept(IrComposite.kt:18)
	at org.jetbrains.kotlin.backend.jvm.codegen.ExpressionCodegen.visitStatementContainer(ExpressionCodegen.kt:579)
	at org.jetbrains.kotlin.backend.jvm.codegen.ExpressionCodegen.visitBlockBody(ExpressionCodegen.kt:584)
	at org.jetbrains.kotlin.backend.jvm.codegen.ExpressionCodegen.visitBlockBody(ExpressionCodegen.kt:138)
	at org.jetbrains.kotlin.ir.expressions.IrBlockBody.accept(IrBlockBody.kt:20)
	at org.jetbrains.kotlin.backend.jvm.codegen.ExpressionCodegen.generate(ExpressionCodegen.kt:240)
	at org.jetbrains.kotlin.backend.jvm.codegen.FunctionCodegen.doGenerate(FunctionCodegen.kt:123)
	at org.jetbrains.kotlin.backend.jvm.codegen.FunctionCodegen.generate(FunctionCodegen.kt:44)
	... 53 more
Caused by: org.jetbrains.kotlin.codegen.CompilationException: Back-end (JVM) Internal error: Couldn't inline method call: CALL 'public final fun viewModel$default <VM> (viewModelStoreOwner: androidx.lifecycle.ViewModelStoreOwner?, key: kotlin.String?, factory: androidx.lifecycle.ViewModelProvider.Factory?, extras: androidx.lifecycle.viewmodel.CreationExtras?, $mask0: kotlin.Int, $handler: kotlin.Any?): VM of androidx.lifecycle.viewmodel.compose.ViewModelKt.viewModel$default [inline] declared in androidx.lifecycle.viewmodel.compose.ViewModelKt' type=VM of androidx.lifecycle.viewmodel.compose.ViewModelKt.viewModel$default origin=DEFAULT_DISPATCH_CALL
Method: null
File is unknown
The root cause java.lang.IllegalStateException was thrown at: org.jetbrains.kotlin.codegen.inline.SourceCompilerForInlineKt.getMethodNode(SourceCompilerForInline.kt:118)
	at org.jetbrains.kotlin.codegen.inline.InlineCodegen.performInline(InlineCodegen.kt:65)
	at org.jetbrains.kotlin.backend.jvm.codegen.IrInlineCodegen.genInlineCall(IrInlineCodegen.kt:163)
	at org.jetbrains.kotlin.backend.jvm.codegen.IrInlineCallGenerator.genCall(IrInlineCallGenerator.kt:36)
	at org.jetbrains.kotlin.backend.jvm.codegen.ExpressionCodegen.visitCall(ExpressionCodegen.kt:653)
	at org.jetbrains.kotlin.backend.jvm.codegen.ExpressionCodegen.visitCall(ExpressionCodegen.kt:138)
	at org.jetbrains.kotlin.ir.expressions.IrCall.accept(IrCall.kt:24)
	at org.jetbrains.kotlin.backend.jvm.codegen.ExpressionCodegen.visitTypeOperator(ExpressionCodegen.kt:1127)
	at org.jetbrains.kotlin.backend.jvm.codegen.ExpressionCodegen.visitTypeOperator(ExpressionCodegen.kt:138)
	at org.jetbrains.kotlin.ir.expressions.IrTypeOperatorCall.accept(IrTypeOperatorCall.kt:26)
	at org.jetbrains.kotlin.backend.jvm.codegen.ExpressionCodegen.visitVariable(ExpressionCodegen.kt:790)
	at org.jetbrains.kotlin.backend.jvm.codegen.ExpressionCodegen.visitVariable(ExpressionCodegen.kt:138)
	at org.jetbrains.kotlin.ir.declarations.IrVariable.accept(IrVariable.kt:36)
	at org.jetbrains.kotlin.backend.jvm.codegen.ExpressionCodegen.visitStatementContainer(ExpressionCodegen.kt:579)
	at org.jetbrains.kotlin.backend.jvm.codegen.ExpressionCodegen.visitContainerExpression(ExpressionCodegen.kt:593)
	at org.jetbrains.kotlin.backend.jvm.codegen.ExpressionCodegen.visitContainerExpression(ExpressionCodegen.kt:138)
	at org.jetbrains.kotlin.ir.visitors.IrElementVisitor$DefaultImpls.visitBlock(IrElementVisitor.kt:122)
	at org.jetbrains.kotlin.backend.jvm.codegen.ExpressionCodegen.visitBlock(ExpressionCodegen.kt:413)
	at org.jetbrains.kotlin.backend.jvm.codegen.ExpressionCodegen.visitBlock(ExpressionCodegen.kt:138)
	at org.jetbrains.kotlin.ir.expressions.IrBlock.accept(IrBlock.kt:18)
	at org.jetbrains.kotlin.backend.jvm.codegen.ExpressionCodegen.visitTryWithInfo(ExpressionCodegen.kt:1339)
	at org.jetbrains.kotlin.backend.jvm.codegen.ExpressionCodegen.visitTry(ExpressionCodegen.kt:1330)
	at org.jetbrains.kotlin.backend.jvm.codegen.ExpressionCodegen.visitTry(ExpressionCodegen.kt:138)
	at org.jetbrains.kotlin.ir.expressions.IrTry.accept(IrTry.kt:26)
	at org.jetbrains.kotlin.backend.jvm.codegen.ExpressionCodegen.visitStatementContainer(ExpressionCodegen.kt:579)
	at org.jetbrains.kotlin.backend.jvm.codegen.ExpressionCodegen.visitBlockBody(ExpressionCodegen.kt:584)
	at org.jetbrains.kotlin.backend.jvm.codegen.ExpressionCodegen.visitBlockBody(ExpressionCodegen.kt:138)
	at org.jetbrains.kotlin.ir.expressions.IrBlockBody.accept(IrBlockBody.kt:20)
	at org.jetbrains.kotlin.backend.jvm.codegen.ExpressionCodegen.generate(ExpressionCodegen.kt:240)
	at org.jetbrains.kotlin.backend.jvm.codegen.FunctionCodegen.doGenerate(FunctionCodegen.kt:123)
	at org.jetbrains.kotlin.backend.jvm.codegen.FunctionCodegen.generate(FunctionCodegen.kt:44)
	... 87 more
Caused by: java.lang.IllegalStateException: couldn't find inline method Landroidx/lifecycle/viewmodel/compose/ViewModelKt;.viewModel$default(Landroidx/lifecycle/ViewModelStoreOwner;Ljava/lang/String;Landroidx/lifecycle/ViewModelProvider$Factory;Landroidx/lifecycle/viewmodel/CreationExtras;ILjava/lang/Object;)Landroidx/lifecycle/ViewModel;
	at org.jetbrains.kotlin.codegen.inline.SourceCompilerForInlineKt.getMethodNode(SourceCompilerForInline.kt:118)
	at org.jetbrains.kotlin.codegen.inline.SourceCompilerForInlineKt.loadCompiledInlineFunction(SourceCompilerForInline.kt:96)
	at org.jetbrains.kotlin.backend.jvm.codegen.IrSourceCompilerForInline.compileInlineFunction(IrSourceCompilerForInline.kt:91)
	at org.jetbrains.kotlin.codegen.inline.InlineCodegen.compileInline(InlineCodegen.kt:43)
	at org.jetbrains.kotlin.codegen.inline.InlineCodegen.performInline(InlineCodegen.kt:51)
	... 116 more


